2023-10-04T05:22:24+00:00 CRITICAL syntax error, unexpected end of file в /var/www/axpenser/data/www/beater.ru/wp-content/themes/newsair/sections/content-dataGrid.php на строке 21

2023-10-04T05:29:27+00:00 CRITICAL syntax error, unexpected end of file в /var/www/axpenser/data/www/beater.ru/wp-content/themes/newsair/sections/content-dataGrid.php на строке 21

2023-10-04T05:29:29+00:00 CRITICAL syntax error, unexpected end of file в /var/www/axpenser/data/www/beater.ru/wp-content/themes/newsair/sections/content-dataGrid.php на строке 21

2023-10-04T05:32:55+00:00 CRITICAL syntax error, unexpected end of file в /var/www/axpenser/data/www/beater.ru/wp-content/themes/newsair/sections/content-dataGrid.php на строке 21

2023-10-04T05:33:09+00:00 CRITICAL syntax error, unexpected end of file в /var/www/axpenser/data/www/beater.ru/wp-content/themes/newsair/sections/content-dataGrid.php на строке 21

2023-10-04T05:33:14+00:00 CRITICAL syntax error, unexpected end of file в /var/www/axpenser/data/www/beater.ru/wp-content/themes/newsair/sections/content-dataGrid.php на строке 21

2023-10-04T05:33:17+00:00 CRITICAL syntax error, unexpected end of file в /var/www/axpenser/data/www/beater.ru/wp-content/themes/newsair/sections/content-dataGrid.php на строке 21

2023-10-04T05:33:48+00:00 CRITICAL syntax error, unexpected end of file в /var/www/axpenser/data/www/beater.ru/wp-content/themes/newsair/sections/content-dataGrid.php на строке 21

2023-10-04T05:34:16+00:00 CRITICAL syntax error, unexpected end of file в /var/www/axpenser/data/www/beater.ru/wp-content/themes/newsair/sections/content-dataGrid.php на строке 21

2023-10-04T05:36:46+00:00 CRITICAL syntax error, unexpected end of file в /var/www/axpenser/data/www/beater.ru/wp-content/themes/newsair/sections/content-dataGrid.php на строке 21

2023-10-04T05:37:00+00:00 CRITICAL syntax error, unexpected end of file в /var/www/axpenser/data/www/beater.ru/wp-content/themes/newsair/sections/content-dataGrid.php на строке 21

2023-10-04T05:37:09+00:00 CRITICAL syntax error, unexpected end of file в /var/www/axpenser/data/www/beater.ru/wp-content/themes/newsair/sections/content-dataGrid.php на строке 21

2023-10-04T05:37:15+00:00 CRITICAL syntax error, unexpected end of file в /var/www/axpenser/data/www/beater.ru/wp-content/themes/newsair/sections/content-dataGrid.php на строке 21

2023-10-04T05:37:45+00:00 CRITICAL syntax error, unexpected end of file в /var/www/axpenser/data/www/beater.ru/wp-content/themes/newsair/sections/content-dataGrid.php на строке 21

2023-10-04T05:38:18+00:00 CRITICAL syntax error, unexpected end of file в /var/www/axpenser/data/www/beater.ru/wp-content/themes/newsair/sections/content-dataGrid.php на строке 21

2023-10-04T05:39:55+00:00 CRITICAL syntax error, unexpected end of file в /var/www/axpenser/data/www/beater.ru/wp-content/themes/newsair/sections/content-dataGrid.php на строке 21

2023-10-04T05:39:58+00:00 CRITICAL syntax error, unexpected end of file в /var/www/axpenser/data/www/beater.ru/wp-content/themes/newsair/sections/content-dataGrid.php на строке 21

2023-10-04T05:41:07+00:00 CRITICAL syntax error, unexpected end of file в /var/www/axpenser/data/www/beater.ru/wp-content/themes/newsair/sections/content-dataGrid.php на строке 21

2023-10-04T05:43:19+00:00 CRITICAL syntax error, unexpected end of file в /var/www/axpenser/data/www/beater.ru/wp-content/themes/newsair/sections/content-dataGrid.php на строке 21

2023-10-04T05:43:19+00:00 CRITICAL syntax error, unexpected end of file в /var/www/axpenser/data/www/beater.ru/wp-content/themes/newsair/sections/content-dataGrid.php на строке 21

2023-10-04T05:43:33+00:00 CRITICAL syntax error, unexpected end of file в /var/www/axpenser/data/www/beater.ru/wp-content/themes/newsair/sections/content-dataGrid.php на строке 21

2023-10-04T05:43:33+00:00 CRITICAL syntax error, unexpected end of file в /var/www/axpenser/data/www/beater.ru/wp-content/themes/newsair/sections/content-dataGrid.php на строке 21

2023-10-04T05:43:44+00:00 CRITICAL syntax error, unexpected end of file в /var/www/axpenser/data/www/beater.ru/wp-content/themes/newsair/sections/content-dataGrid.php на строке 21

2023-10-04T05:43:50+00:00 CRITICAL syntax error, unexpected end of file в /var/www/axpenser/data/www/beater.ru/wp-content/themes/newsair/sections/content-dataGrid.php на строке 21

2023-10-04T05:43:57+00:00 CRITICAL syntax error, unexpected end of file в /var/www/axpenser/data/www/beater.ru/wp-content/themes/newsair/sections/content-dataGrid.php на строке 21

2023-10-04T05:44:11+00:00 CRITICAL syntax error, unexpected end of file в /var/www/axpenser/data/www/beater.ru/wp-content/themes/newsair/sections/content-dataGrid.php на строке 21

2023-10-04T05:44:19+00:00 CRITICAL syntax error, unexpected end of file в /var/www/axpenser/data/www/beater.ru/wp-content/themes/newsair/sections/content-dataGrid.php на строке 21

2023-10-04T05:44:25+00:00 CRITICAL syntax error, unexpected end of file в /var/www/axpenser/data/www/beater.ru/wp-content/themes/newsair/sections/content-dataGrid.php на строке 21

2023-10-04T05:46:24+00:00 CRITICAL syntax error, unexpected end of file в /var/www/axpenser/data/www/beater.ru/wp-content/themes/newsair/sections/content-dataGrid.php на строке 21

2023-10-04T05:46:27+00:00 CRITICAL syntax error, unexpected end of file в /var/www/axpenser/data/www/beater.ru/wp-content/themes/newsair/sections/content-dataGrid.php на строке 21

2023-10-04T05:48:17+00:00 CRITICAL syntax error, unexpected end of file в /var/www/axpenser/data/www/beater.ru/wp-content/themes/newsair/sections/content-dataGrid.php на строке 21

2023-10-04T05:48:20+00:00 CRITICAL syntax error, unexpected end of file в /var/www/axpenser/data/www/beater.ru/wp-content/themes/newsair/sections/content-dataGrid.php на строке 21

2023-10-04T05:48:43+00:00 CRITICAL syntax error, unexpected end of file в /var/www/axpenser/data/www/beater.ru/wp-content/themes/newsair/sections/content-dataGrid.php на строке 21

2023-10-04T05:48:45+00:00 CRITICAL syntax error, unexpected end of file в /var/www/axpenser/data/www/beater.ru/wp-content/themes/newsair/sections/content-dataGrid.php на строке 21

2023-10-04T05:54:24+00:00 CRITICAL syntax error, unexpected end of file в /var/www/axpenser/data/www/beater.ru/wp-content/themes/newsair/sections/content-dataGrid.php на строке 21

2023-10-04T05:54:26+00:00 CRITICAL syntax error, unexpected end of file в /var/www/axpenser/data/www/beater.ru/wp-content/themes/newsair/sections/content-dataGrid.php на строке 21

2023-10-04T05:55:55+00:00 CRITICAL syntax error, unexpected end of file в /var/www/axpenser/data/www/beater.ru/wp-content/themes/newsair/sections/content-dataGrid.php на строке 21

2023-10-04T05:55:59+00:00 CRITICAL syntax error, unexpected end of file в /var/www/axpenser/data/www/beater.ru/wp-content/themes/newsair/sections/content-dataGrid.php на строке 21

2023-10-04T05:57:11+00:00 CRITICAL syntax error, unexpected end of file в /var/www/axpenser/data/www/beater.ru/wp-content/themes/newsair/sections/content-dataGrid.php на строке 21

2023-10-04T05:57:19+00:00 CRITICAL syntax error, unexpected end of file в /var/www/axpenser/data/www/beater.ru/wp-content/themes/newsair/sections/content-dataGrid.php на строке 21

2023-10-04T05:57:41+00:00 CRITICAL syntax error, unexpected end of file в /var/www/axpenser/data/www/beater.ru/wp-content/themes/newsair/sections/content-dataGrid.php на строке 21

2023-10-04T05:57:42+00:00 CRITICAL syntax error, unexpected end of file в /var/www/axpenser/data/www/beater.ru/wp-content/themes/newsair/sections/content-dataGrid.php на строке 21

2023-10-04T05:57:56+00:00 CRITICAL syntax error, unexpected end of file в /var/www/axpenser/data/www/beater.ru/wp-content/themes/newsair/sections/content-dataGrid.php на строке 21

2023-10-04T05:59:00+00:00 CRITICAL syntax error, unexpected end of file в /var/www/axpenser/data/www/beater.ru/wp-content/themes/newsair/sections/content-dataGrid.php на строке 21

2023-10-04T05:59:02+00:00 CRITICAL syntax error, unexpected end of file в /var/www/axpenser/data/www/beater.ru/wp-content/themes/newsair/sections/content-dataGrid.php на строке 21

2023-10-04T06:01:32+00:00 CRITICAL syntax error, unexpected end of file в /var/www/axpenser/data/www/beater.ru/wp-content/themes/newsair/sections/content-dataGrid.php на строке 21

2023-10-04T06:01:35+00:00 CRITICAL syntax error, unexpected end of file в /var/www/axpenser/data/www/beater.ru/wp-content/themes/newsair/sections/content-dataGrid.php на строке 21

2023-10-04T06:03:22+00:00 CRITICAL syntax error, unexpected end of file в /var/www/axpenser/data/www/beater.ru/wp-content/themes/newsair/sections/content-dataGrid.php на строке 21

2023-10-04T06:03:24+00:00 CRITICAL syntax error, unexpected end of file в /var/www/axpenser/data/www/beater.ru/wp-content/themes/newsair/sections/content-dataGrid.php на строке 21

2023-10-04T06:10:05+00:00 CRITICAL syntax error, unexpected end of file в /var/www/axpenser/data/www/beater.ru/wp-content/themes/newsair/sections/content-dataGrid.php на строке 21

2023-10-04T06:10:08+00:00 CRITICAL syntax error, unexpected end of file в /var/www/axpenser/data/www/beater.ru/wp-content/themes/newsair/sections/content-dataGrid.php на строке 21

2023-10-04T06:12:31+00:00 CRITICAL Cannot redeclare get_footer() (previously declared in /var/www/axpenser/data/www/beater.ru/wp-includes/general-template.php:71) в /var/www/axpenser/data/www/beater.ru/wp-content/themes/newsair/functions.php на строке 364

2023-10-04T06:12:32+00:00 CRITICAL Cannot redeclare get_footer() (previously declared in /var/www/axpenser/data/www/beater.ru/wp-includes/general-template.php:71) в /var/www/axpenser/data/www/beater.ru/wp-content/themes/newsair/functions.php на строке 364

2023-10-04T06:13:11+00:00 CRITICAL syntax error, unexpected end of file в /var/www/axpenser/data/www/beater.ru/wp-content/themes/newsair/sections/content-dataGrid.php на строке 21

2023-10-04T06:13:14+00:00 CRITICAL syntax error, unexpected end of file в /var/www/axpenser/data/www/beater.ru/wp-content/themes/newsair/sections/content-dataGrid.php на строке 21

2023-10-04T06:13:24+00:00 CRITICAL syntax error, unexpected end of file в /var/www/axpenser/data/www/beater.ru/wp-content/themes/newsair/sections/content-dataGrid.php на строке 21

2023-10-04T06:13:26+00:00 CRITICAL syntax error, unexpected end of file в /var/www/axpenser/data/www/beater.ru/wp-content/themes/newsair/sections/content-dataGrid.php на строке 21

2023-10-04T10:46:56+00:00 CRITICAL Uncaught Error: Class 'Elementor\Core\Schemes\Manager' not found in /var/www/axpenser/data/www/beater.ru/wp-content/plugins/elementor/includes/plugin.php:716
Stack trace:
#0 /var/www/axpenser/data/www/beater.ru/wp-content/plugins/elementor/includes/plugin.php(647): Elementor\Plugin->init_components()
#1 /var/www/axpenser/data/www/beater.ru/wp-includes/class-wp-hook.php(310): Elementor\Plugin->init('')
#2 /var/www/axpenser/data/www/beater.ru/wp-includes/class-wp-hook.php(334): WP_Hook->apply_filters(NULL, Array)
#3 /var/www/axpenser/data/www/beater.ru/wp-includes/plugin.php(517): WP_Hook->do_action(Array)
#4 /var/www/axpenser/data/www/beater.ru/wp-settings.php(632): do_action('init')
#5 /var/www/axpenser/data/www/beater.ru/wp-config.php(96): require_once('/var/www/axpens...')
#6 /var/www/axpenser/data/www/beater.ru/wp-load.php(50): require_once('/var/www/axpens...')
#7 /var/www/axpenser/data/www/beater.ru/wp-blog-header.php(13): require_once('/var/www/axpens...')
#8 /var/www/axpenser/data/www/beater.ru/index.p в /var/www/axpenser/data/www/beater.ru/wp-content/plugins/elementor/includes/plugin.php на строке 716

2023-10-04T14:47:11+00:00 CRITICAL Uncaught Error: Class 'Elementor\Core\Schemes\Manager' not found in /var/www/axpenser/data/www/beater.ru/wp-content/plugins/elementor/includes/plugin.php:716
Stack trace:
#0 /var/www/axpenser/data/www/beater.ru/wp-content/plugins/elementor/includes/plugin.php(647): Elementor\Plugin->init_components()
#1 /var/www/axpenser/data/www/beater.ru/wp-includes/class-wp-hook.php(310): Elementor\Plugin->init('')
#2 /var/www/axpenser/data/www/beater.ru/wp-includes/class-wp-hook.php(334): WP_Hook->apply_filters(NULL, Array)
#3 /var/www/axpenser/data/www/beater.ru/wp-includes/plugin.php(517): WP_Hook->do_action(Array)
#4 /var/www/axpenser/data/www/beater.ru/wp-settings.php(632): do_action('init')
#5 /var/www/axpenser/data/www/beater.ru/wp-config.php(96): require_once('/var/www/axpens...')
#6 /var/www/axpenser/data/www/beater.ru/wp-load.php(50): require_once('/var/www/axpens...')
#7 /var/www/axpenser/data/www/beater.ru/wp-blog-header.php(13): require_once('/var/www/axpens...')
#8 /var/www/axpenser/data/www/beater.ru/index.p в /var/www/axpenser/data/www/beater.ru/wp-content/plugins/elementor/includes/plugin.php на строке 716

2023-10-04T20:34:20+00:00 CRITICAL require(): Failed opening required '/var/www/axpenser/data/www/forcetech.me/wp-content/plugins/elementor/includes/elements/section.php' (include_path='.:/opt/alt/php74/usr/share/pear') в /var/www/axpenser/data/www/forcetech.me/wp-content/plugins/elementor/includes/managers/elements.php на строке 350

